\BOOKMARK [0][-]{Doc-Start}{\376\377\000R\000\351\000s\000u\000m\000\351}{}% 1
\BOOKMARK [0][-]{paragraph*.6}{\376\377\000A\000b\000s\000t\000r\000a\000c\000t}{}% 2
\BOOKMARK [0][-]{paragraph*.12}{\376\377\000R\000e\000m\000e\000r\000c\000i\000e\000m\000e\000n\000t\000s}{}% 3
\BOOKMARK [-1][-]{part*.16}{\376\377\000I\000n\000t\000r\000o\000d\000u\000c\000t\000i\000o\000n}{}% 4
\BOOKMARK [0][-]{chapter*.17}{\376\377\000M\000i\000s\000e\000\040\000e\000n\000\040\000c\000o\000n\000t\000e\000x\000t\000e}{part*.16}% 5
\BOOKMARK [1][-]{section*.18}{\376\377\000I\000n\000t\000r\000o\000d\000u\000c\000t\000i\000o\000n\000\040\000g\000\351\000n\000\351\000r\000a\000l\000e}{chapter*.17}% 6
\BOOKMARK [1][-]{paragraph*.20}{\376\377\000L\000a\000\040\000p\000r\000o\000b\000l\000\351\000m\000a\000t\000i\000q\000u\000e}{chapter*.17}% 7
\BOOKMARK [1][-]{paragraph*.21}{\376\377\000L\000e\000s\000\040\000b\000e\000s\000o\000i\000n\000s}{chapter*.17}% 8
\BOOKMARK [2][-]{section*.22}{\376\377\000B\000e\000s\000o\000i\000n\000s\000\040\000f\000o\000n\000c\000t\000i\000o\000n\000n\000e\000l\000s}{paragraph*.21}% 9
\BOOKMARK [2][-]{section*.22}{\376\377\000B\000e\000s\000o\000i\000n\000s\000\040\000n\000o\000n\000-\000f\000o\000n\000c\000t\000i\000o\000n\000n\000e\000l\000s}{paragraph*.21}% 10
\BOOKMARK [1][-]{section*.22}{\376\377\000P\000l\000a\000n\000\040\000e\000t\000\040\000i\000n\000t\000\351\000r\000\352\000t\000\040\000d\000u\000\040\000t\000r\000a\000v\000a\000i\000l}{chapter*.17}% 11
\BOOKMARK [0][-]{chapter.1}{\376\377\000\311\000t\000a\000t\000\040\000d\000e\000\040\000l\000'\000a\000r\000t}{part*.16}% 12
\BOOKMARK [1][-]{section.1.1}{\376\377\000C\000o\000n\000c\000e\000p\000t\000s\000\040\000c\000l\000\351\000s}{chapter.1}% 13
\BOOKMARK [2][-]{subsection.1.1.1}{\376\377\000I\000n\000f\000o\000r\000m\000a\000t\000i\000o\000n\000\040\000n\000u\000m\000\351\000r\000i\000q\000u\000e}{section.1.1}% 14
\BOOKMARK [2][-]{subsection.1.1.2}{\376\377\000I\000l\000l\000u\000s\000t\000r\000a\000t\000i\000o\000n}{section.1.1}% 15
\BOOKMARK [1][-]{section.1.2}{\376\377\000A\000v\000a\000n\000c\000\351\000e\000s\000\040\000d\000a\000n\000s\000\040\000l\000e\000\040\000d\000o\000m\000a\000i\000n\000e\000\040\000d\000e\000s\000\040\000s\000y\000s\000t\000\350\000m\000e\000s\000\040\000d\000'\000i\000n\000f\000o\000r\000m\000a\000t\000i\000o\000n\000\040\000\050\000S\000I\000\051}{chapter.1}% 16
\BOOKMARK [2][-]{subsection.1.2.1}{\376\377\000S\000t\000o\000c\000k\000a\000g\000e\000\040\000d\000e\000\040\000f\000i\000c\000h\000i\000e\000r\000\040\000d\000a\000n\000s\000\040\000l\000e\000\040\000S\000I}{section.1.2}% 17
\BOOKMARK [2][-]{subsection.1.2.2}{\376\377\000C\000o\000l\000l\000e\000c\000t\000e\000,\000\040\000t\000r\000a\000i\000t\000e\000m\000e\000n\000t\000\040\000e\000t\000\040\000d\000i\000s\000t\000r\000i\000b\000u\000t\000i\000o\000n\000\040\000d\000e\000s\000\040\000f\000i\000c\000h\000i\000e\000r\000s}{section.1.2}% 18
\BOOKMARK [1][-]{section.1.3}{\376\377\000L\000'\000i\000l\000l\000u\000s\000t\000r\000a\000t\000i\000o\000n\000\040\000e\000n\000\040\000H\000a\000\357\000t\000i\000\040\000e\000t\000\040\000d\000a\000n\000s\000\040\000l\000e\000\040\000m\000o\000n\000d\000e}{chapter.1}% 19
\BOOKMARK [2][-]{subsection.1.3.1}{\376\377\000I\000m\000p\000o\000r\000t\000a\000n\000c\000e\000\040\000d\000e\000\040\000l\000'\000i\000l\000l\000u\000s\000t\000r\000a\000t\000i\000o\000n}{section.1.3}% 20
\BOOKMARK [2][-]{subsection.1.3.2}{\376\377\000U\000t\000i\000l\000i\000s\000a\000t\000i\000o\000n\000s\000\040\000f\000a\000i\000t\000e\000s\000\040\000d\000e\000s\000\040\000i\000l\000l\000u\000s\000t\000r\000a\000t\000i\000o\000n\000s}{section.1.3}% 21
\BOOKMARK [1][-]{section.1.4}{\376\377\000P\000r\000o\000j\000e\000t\000s\000\040\000S\000i\000m\000i\000l\000a\000i\000r\000e\000s}{chapter.1}% 22
\BOOKMARK [2][-]{subsection.1.4.1}{\376\377\000G\000r\000o\000u\000p\000e\000\040\0001\000\040\000-\000\040\000L\000i\000b\000r\000a\000i\000r\000i\000e\000s\000\040\000e\000n\000\040\000l\000i\000g\000n\000e}{section.1.4}% 23
\BOOKMARK [2][-]{subsection.1.4.2}{\376\377\000G\000r\000o\000u\000p\000e\000\040\0002\000\040\000-\000\040\000P\000r\000o\000j\000e\000t\000\040\000d\000e\000\040\000d\000i\000s\000t\000r\000i\000b\000u\000t\000i\000o\000n\000\040\000d\000'\000i\000l\000l\000u\000s\000t\000r\000a\000t\000i\000o\000n\000s}{section.1.4}% 24
\BOOKMARK [2][-]{subsection.1.4.3}{\376\377\000G\000r\000o\000u\000p\000e\000\040\0003\000\040\000-\000\040\000U\000t\000i\000l\000i\000s\000a\000t\000i\000o\000n\000\040\000d\000e\000s\000\040\000i\000l\000l\000u\000s\000t\000r\000a\000t\000i\000o\000n\000s\000\040\000c\000o\000m\000m\000e\000\040\000v\000e\000c\000t\000e\000u\000r\000\040\000d\000e\000\040\000c\000o\000m\000m\000u\000n\000i\000c\000a\000t\000i\000o\000n}{section.1.4}% 25
\BOOKMARK [0][-]{chapter.2}{\376\377\000P\000r\000\351\000s\000e\000n\000t\000a\000t\000i\000o\000n\000\040\000d\000u\000\040\000p\000r\000o\000j\000e\000t}{part*.16}% 26
\BOOKMARK [1][-]{section.2.1}{\376\377\000P\000\351\000r\000i\000m\000\350\000t\000r\000e\000\040\000d\000u\000\040\000p\000r\000o\000j\000e\000t\000\040\000P\000e\000r\000i\000m\000e\000t\000r\000e\000D\000U\000n\000P\000r\000o\000j\000e\000t}{chapter.2}% 27
\BOOKMARK [1][-]{section.2.2}{\376\377\000A\000p\000p\000o\000r\000t\000\040\000d\000u\000\040\000p\000r\000o\000j\000e\000t}{chapter.2}% 28
\BOOKMARK [-1][-]{part.1}{\376\377\000I\000\040\000A\000n\000a\000l\000y\000s\000e\000s}{}% 29
\BOOKMARK [0][-]{chapter.3}{\376\377\000\311\000t\000u\000d\000e\000\040\000d\000e\000s\000\040\000r\000i\000s\000q\000u\000e\000s}{part.1}% 30
\BOOKMARK [1][-]{section.3.1}{\376\377\000R\000e\000g\000i\000s\000t\000r\000e\000\040\000d\000e\000s\000\040\000r\000i\000s\000q\000u\000e\000s}{chapter.3}% 31
\BOOKMARK [1][-]{section.3.2}{\376\377\000P\000l\000a\000n\000\040\000d\000e\000\040\000g\000e\000s\000t\000i\000o\000n\000\040\000d\000e\000s\000\040\000r\000i\000s\000q\000u\000e\000s}{chapter.3}% 32
\BOOKMARK [0][-]{chapter.4}{\376\377\000M\000\351\000t\000h\000o\000d\000o\000l\000o\000g\000i\000e}{part.1}% 33
\BOOKMARK [1][-]{section.4.1}{\376\377\000L\000e\000s\000\040\000m\000\351\000t\000h\000o\000d\000o\000l\000o\000g\000i\000e\000s\000\040\000d\000e\000\040\000d\000\351\000v\000e\000l\000o\000p\000p\000e\000m\000e\000n\000t\000\040\000w\000e\000b\000\040\000M\000e\000t\000h\000o\000d\000o\000l\000o\000g\000i\000e\000D\000e\000D\000e\000B\000,\000M\000e\000t\000h\000o\000d\000o\000l\000o\000g\000i\000e\000D\000e\000D\000e\000A\000,\000M\000e\000t\000h\000o\000d\000o\000l\000o\000g\000i\000e\000D\000e\000D\000e\000C}{chapter.4}% 34
\BOOKMARK [2][-]{subsection.4.1.1}{\376\377\000L\000a\000\040\000m\000\351\000t\000h\000o\000d\000e\000\040\000A\000g\000i\000l\000e}{section.4.1}% 35
\BOOKMARK [2][-]{subsection.4.1.2}{\376\377\000L\000a\000\040\000m\000\351\000t\000h\000o\000d\000e\000\040\000W\000a\000t\000e\000r\000f\000a\000l\000l}{section.4.1}% 36
\BOOKMARK [2][-]{subsection.4.1.3}{\376\377\000M\000\351\000t\000h\000o\000d\000e\000s\000\040\000h\000y\000b\000r\000i\000d\000e\000s}{section.4.1}% 37
\BOOKMARK [1][-]{section.4.2}{\376\377\000L\000e\000s\000\040\000f\000r\000a\000m\000e\000w\000o\000r\000k\000s}{chapter.4}% 38
\BOOKMARK [2][-]{subsection.4.2.1}{\376\377\000S\000c\000r\000u\000m\000S\000c\000r\000u\000m}{section.4.2}% 39
\BOOKMARK [1][-]{section.4.3}{\376\377\000M\000\351\000t\000h\000o\000d\000o\000l\000o\000g\000i\000e\000s\000\040\000e\000t\000\040\000f\000r\000a\000m\000e\000w\000o\000r\000k\000s\000\040\000c\000h\000o\000i\000s\000i\000s}{chapter.4}% 40
\BOOKMARK [0][-]{chapter.5}{\376\377\000B\000u\000d\000g\000e\000t}{part.1}% 41
\BOOKMARK [-1][-]{part.2}{\376\377\000I\000I\000\040\000C\000o\000n\000c\000e\000p\000t\000i\000o\000n}{}% 42
\BOOKMARK [0][-]{chapter.6}{\376\377\000M\000o\000d\000\351\000l\000i\000s\000a\000t\000i\000o\000n}{part.2}% 43
\BOOKMARK [1][-]{section.6.1}{\376\377\000U\000M\000L}{chapter.6}% 44
\BOOKMARK [1][-]{section.6.2}{\376\377\000D\000i\000a\000g\000r\000a\000m\000m\000e\000\040\000d\000e\000\040\000c\000o\000n\000t\000e\000x\000t\000e}{chapter.6}% 45
\BOOKMARK [1][-]{section.6.3}{\376\377\000D\000i\000a\000g\000r\000a\000m\000m\000e\000\040\000d\000e\000s\000\040\000c\000a\000s\000\040\000d\000'\000u\000t\000i\000l\000i\000s\000a\000t\000i\000o\000n}{chapter.6}% 46
\BOOKMARK [1][-]{section.6.4}{\376\377\000D\000i\000a\000g\000r\000a\000m\000m\000e\000\040\000d\000'\000a\000c\000t\000i\000v\000i\000t\000\351\000s}{chapter.6}% 47
\BOOKMARK [1][-]{section.6.5}{\376\377\000D\000i\000a\000g\000r\000a\000m\000m\000e\000\040\000d\000e\000\040\000c\000l\000a\000s\000s\000e\000s}{chapter.6}% 48
\BOOKMARK [1][-]{section.6.6}{\376\377\000D\000i\000a\000g\000r\000a\000m\000m\000e\000s\000\040\000d\000e\000\040\000s\000\351\000q\000u\000e\000n\000c\000e}{chapter.6}% 49
\BOOKMARK [2][-]{subsection.6.6.1}{\376\377\000C\000a\000s\000\040\000d\000u\000\040\000s\000i\000m\000p\000l\000e\000\137\000u\000t\000i\000l\000i\000s\000a\000t\000e\000u\000r}{section.6.6}% 50
\BOOKMARK [2][-]{subsection.6.6.2}{\376\377\000C\000a\000s\000\040\000d\000e\000\040\000l\000'\000a\000d\000m\000i\000n\000i\000s\000t\000r\000a\000t\000e\000u\000r}{section.6.6}% 51
\BOOKMARK [0][-]{chapter.7}{\376\377\000S\000t\000r\000u\000c\000t\000u\000r\000e\000\040\000d\000u\000\040\000s\000i\000t\000e}{part.2}% 52
\BOOKMARK [1][-]{section.7.1}{\376\377\000M\000P\000A\000s\000\040\000v\000e\000r\000s\000u\000s\000\040\000S\000P\000A\000s\000\040\000A\000r\000c\000h\000i\000t\000e\000c\000t\000u\000r\000e\000W\000e\000b\000A\000p\000p}{chapter.7}% 53
\BOOKMARK [2][-]{subsection.7.1.1}{\376\377\000P\000a\000g\000e\000s\000\040\000W\000e\000b\000\040\000t\000r\000a\000d\000i\000t\000i\000o\000n\000n\000e\000l\000s\000\040\000-\000\040\000M\000P\000A\000s\000\040\000\050\000M\000u\000l\000t\000i\000-\000P\000a\000g\000e\000\040\000A\000p\000p\000l\000i\000c\000a\000t\000i\000o\000n\000s\000\051}{section.7.1}% 54
\BOOKMARK [2][-]{subsection.7.1.2}{\376\377\000A\000p\000p\000l\000i\000c\000a\000t\000i\000o\000n\000s\000\040\000W\000e\000b\000\040\000\340\000\040\000p\000a\000g\000e\000\040\000U\000n\000i\000q\000u\000e\000\040\000-\000\040\000S\000P\000A\000s\000\040\000\050\000S\000i\000n\000g\000l\000e\000-\000P\000a\000g\000e\000\040\000A\000p\000p\000l\000i\000c\000a\000t\000i\000o\000n\000s\000\051}{section.7.1}% 55
\BOOKMARK [2][-]{subsection.7.1.3}{\376\377\000D\000i\000f\000f\000\351\000r\000e\000n\000c\000e\000s}{section.7.1}% 56
\BOOKMARK [1][-]{section.7.2}{\376\377\000A\000r\000c\000h\000i\000t\000e\000c\000t\000u\000r\000e\000\040\000d\000u\000\040\000s\000y\000s\000t\000\350\000m\000e\000A\000r\000c\000h\000i\000t\000e\000c\000t\000u\000r\000e\0003\000N\000i\000v\000e\000a\000u}{chapter.7}% 57
\BOOKMARK [2][-]{subsection.7.2.1}{\376\377\000A\000r\000c\000h\000i\000t\000e\000c\000t\000u\000r\000e\000\040\000d\000e\000\040\000L\000i\000b\000E\000I\000l}{section.7.2}% 58
\BOOKMARK [0][-]{chapter.8}{\376\377\000O\000u\000t\000i\000l\000s\000\040\000d\000e\000\040\000c\000o\000n\000s\000t\000r\000u\000c\000t\000i\000o\000n}{part.2}% 59
\BOOKMARK [1][-]{section.8.1}{\376\377\000D\000o\000c\000u\000m\000e\000n\000t\000a\000t\000i\000o\000n}{chapter.8}% 60
\BOOKMARK [2][-]{subsection.8.1.1}{\376\377\000L\000a\000T\000e\000X\000[\000h\000e\000i\000g\000h\000t\000=\0002\000e\000x\000]\000P\000i\000c\000t\000u\000r\000e\000s\000/\000l\000a\000t\000e\000x\000L\000o\000g\000o\000.\000p\000n\000g}{section.8.1}% 61
\BOOKMARK [2][-]{subsection.8.1.2}{\376\377\000T\000e\000X\000S\000t\000u\000d\000i\000o\000\040\000[\000h\000e\000i\000g\000h\000t\000=\0002\000e\000x\000]\000P\000i\000c\000t\000u\000r\000e\000s\000/\000t\000e\000x\000s\000t\000u\000d\000i\000o\000L\000o\000g\000o\000.\000p\000n\000g}{section.8.1}% 62
\BOOKMARK [2][-]{subsection.8.1.3}{\376\377\000J\000a\000b\000R\000e\000f\000\040\000[\000h\000e\000i\000g\000h\000t\000=\0002\000e\000x\000]\000P\000i\000c\000t\000u\000r\000e\000s\000/\000j\000a\000b\000r\000e\000f\000L\000o\000g\000o\000.\000p\000n\000g}{section.8.1}% 63
\BOOKMARK [2][-]{subsection.8.1.4}{\376\377\000U\000M\000L\000e\000t\000\040\000[\000h\000e\000i\000g\000h\000t\000=\0002\000e\000x\000]\000P\000i\000c\000t\000u\000r\000e\000s\000/\000u\000m\000l\000e\000t\000L\000o\000g\000o\000.\000p\000n\000g}{section.8.1}% 64
\BOOKMARK [1][-]{section.8.2}{\376\377\000A\000p\000p\000l\000i\000c\000a\000t\000i\000o\000n\000\040\000s\000e\000r\000v\000e\000u\000r}{chapter.8}% 65
\BOOKMARK [2][-]{subsection.8.2.1}{\376\377\000J\000a\000v\000a\000\040\000[\000h\000e\000i\000g\000h\000t\000=\0003\000e\000x\000]\000P\000i\000c\000t\000u\000r\000e\000s\000/\000j\000a\000v\000a\000L\000o\000g\000o\000.\000j\000p\000e\000g}{section.8.2}% 66
\BOOKMARK [2][-]{subsection.8.2.2}{\376\377\000S\000p\000r\000i\000n\000g\000\040\000B\000o\000o\000t\000\040\000[\000h\000e\000i\000g\000h\000t\000=\0002\000e\000x\000]\000P\000i\000c\000t\000u\000r\000e\000s\000/\000s\000p\000r\000i\000n\000g\000L\000o\000g\000o\000.\000j\000p\000e\000g}{section.8.2}% 67
\BOOKMARK [1][-]{section.8.3}{\376\377\000B\000a\000s\000e\000\040\000d\000e\000\040\000d\000o\000n\000n\000\351\000e\000s}{chapter.8}% 68
\BOOKMARK [2][-]{subsection.8.3.1}{\376\377\000M\000a\000r\000i\000a\000d\000b\000\040\000[\000h\000e\000i\000g\000h\000t\000=\0002\000e\000x\000]\000P\000i\000c\000t\000u\000r\000e\000s\000/\000m\000a\000r\000i\000a\000d\000b\000L\000o\000g\000o\000.\000p\000n\000g}{section.8.3}% 69
\BOOKMARK [2][-]{subsection.8.3.2}{\376\377\000D\000B\000e\000a\000v\000e\000r\000\040\000[\000h\000e\000i\000g\000h\000t\000=\0002\000e\000x\000]\000P\000i\000c\000t\000u\000r\000e\000s\000/\000d\000b\000e\000a\000v\000e\000r\000L\000o\000g\000o\000.\000p\000n\000g}{section.8.3}% 70
\BOOKMARK [1][-]{section.8.4}{\376\377\000I\000n\000t\000e\000r\000f\000a\000c\000e\000\040\000u\000t\000i\000l\000i\000s\000a\000t\000e\000u\000r}{chapter.8}% 71
\BOOKMARK [2][-]{subsection.8.4.1}{\376\377\000A\000n\000g\000u\000l\000a\000r\000\040\000[\000h\000e\000i\000g\000h\000t\000=\0002\000e\000x\000]\000P\000i\000c\000t\000u\000r\000e\000s\000/\000a\000n\000g\000u\000l\000a\000r\000L\000o\000g\000o\000.\000j\000p\000e\000g}{section.8.4}% 72
\BOOKMARK [1][-]{section.8.5}{\376\377\000D\000\351\000p\000l\000o\000i\000e\000m\000e\000n\000t\000\040}{chapter.8}% 73
\BOOKMARK [2][-]{subsection.8.5.1}{\376\377\000D\000o\000c\000k\000e\000r\000\040\000[\000h\000e\000i\000g\000h\000t\000=\0002\000e\000x\000]\000P\000i\000c\000t\000u\000r\000e\000s\000/\000d\000o\000c\000k\000e\000r\000L\000o\000g\000o\000.\000j\000p\000e\000g}{section.8.5}% 74
\BOOKMARK [2][-]{subsection.8.5.2}{\376\377\000N\000g\000i\000n\000x\000\040\000[\000h\000e\000i\000g\000h\000t\000=\0002\000e\000x\000]\000P\000i\000c\000t\000u\000r\000e\000s\000/\000n\000g\000i\000n\000x\000L\000o\000g\000o\000.\000j\000p\000e\000g}{section.8.5}% 75
\BOOKMARK [0][-]{chapter.9}{\376\377\000M\000o\000d\000\350\000l\000e\000\040\000d\000e\000\040\000d\000o\000n\000n\000\351\000e\000s}{part.2}% 76
\BOOKMARK [1][-]{section.9.1}{\376\377\000S\000t\000r\000u\000c\000t\000u\000r\000e\000\040\000d\000e\000\040\000d\000o\000n\000n\000\351\000e\000s\000\040\000d\000a\000n\000s\000\040\000l\000a\000\040\000b\000a\000s\000e}{chapter.9}% 77
\BOOKMARK [2][-]{subsection.9.1.1}{\376\377\000O\000b\000j\000e\000c\000t\000i\000f\000s\000\040\000d\000e\000\040\000l\000a\000\040\000b\000a\000s\000e\000\040\000d\000e\000\040\000d\000o\000n\000n\000\351\000e\000s}{section.9.1}% 78
\BOOKMARK [2][-]{subsection.9.1.2}{\376\377\000L\000e\000s\000\040\000c\000o\000n\000c\000e\000p\000t\000s}{section.9.1}% 79
\BOOKMARK [2][-]{subsection.9.1.3}{\376\377\000O\000r\000g\000a\000n\000i\000s\000a\000t\000i\000o\000n\000\040\000d\000e\000s\000\040\000d\000o\000n\000n\000\351\000e\000s\000\040\000e\000n\000\040\000r\000e\000l\000a\000t\000i\000o\000n\000s\000\040\000e\000t\000\040\000s\000p\000\351\000c\000i\000f\000i\000c\000a\000t\000i\000o\000n\000\040\000d\000e\000s\000\040\000c\000l\000\351\000s\000\040\000p\000r\000i\000m\000a\000i\000r\000e\000s}{section.9.1}% 80
\BOOKMARK [2][-]{subsection.9.1.4}{\376\377\000N\000o\000r\000m\000a\000l\000i\000s\000a\000t\000i\000o\000n\000\040\000d\000e\000s\000\040\000r\000e\000l\000a\000t\000i\000o\000n\000s}{section.9.1}% 81
\BOOKMARK [2][-]{subsection.9.1.5}{\376\377\000A\000n\000a\000l\000y\000s\000e\000r\000\040\000l\000e\000s\000\040\000l\000i\000e\000n\000s\000\040\000e\000n\000t\000r\000e\000\040\000l\000e\000s\000\040\000r\000e\000l\000a\000t\000i\000o\000n\000s}{section.9.1}% 82
\BOOKMARK [2][-]{subsection.9.1.6}{\376\377\000D\000i\000c\000t\000i\000o\000n\000n\000a\000i\000r\000e\000\040\000d\000e\000\040\000d\000o\000n\000n\000\351\000e\000s}{section.9.1}% 83
\BOOKMARK [1][-]{section.9.2}{\376\377\000T\000r\000i\000g\000g\000e\000r\000s}{chapter.9}% 84
\BOOKMARK [1][-]{section.9.3}{\376\377\000P\000r\000o\000c\000\351\000d\000u\000r\000e\000s}{chapter.9}% 85
\BOOKMARK [1][-]{section.9.4}{\376\377\000S\000c\000h\000\351\000m\000a\000\040\000d\000e\000s\000\040\000d\000o\000n\000n\000\351\000e\000s}{chapter.9}% 86
\BOOKMARK [0][-]{chapter.10}{\376\377\000S\000\351\000c\000u\000r\000i\000t\000\351}{part.2}% 87
\BOOKMARK [1][-]{section.10.1}{\376\377\000O\000W\000A\000S\000P\000\040\000A\000p\000p\000l\000i\000c\000a\000t\000i\000o\000n\000\040\000S\000e\000c\000u\000r\000i\000t\000y\000\040\000V\000e\000r\000i\000f\000i\000c\000a\000t\000i\000o\000n\000\040\000S\000t\000a\000n\000d\000a\000r\000d}{chapter.10}% 88
\BOOKMARK [1][-]{section.10.2}{\376\377\000I\000m\000p\000l\000\351\000m\000e\000n\000t\000a\000t\000i\000o\000n}{chapter.10}% 89
\BOOKMARK [0][-]{chapter.11}{\376\377\000D\000\351\000p\000l\000o\000i\000e\000m\000e\000n\000t}{part.2}% 90
\BOOKMARK [1][-]{section.11.1}{\376\377\000E\000n\000v\000i\000r\000o\000n\000n\000e\000m\000e\000n\000t\000\040\000d\000e\000\040\000p\000r\000o\000d\000u\000c\000t\000i\000o\000n}{chapter.11}% 91
\BOOKMARK [2][-]{subsection.11.1.1}{\376\377\000S\000y\000s\000t\000\350\000m\000e\000\040\000i\000n\000f\000o\000r\000m\000a\000t\000i\000q\000u\000e}{section.11.1}% 92
\BOOKMARK [2][-]{subsection.11.1.2}{\376\377\000P\000i\000l\000e\000\040\000l\000o\000g\000i\000c\000i\000e\000l\000l\000e}{section.11.1}% 93
\BOOKMARK [1][-]{section.11.2}{\376\377\000M\000i\000s\000e\000\040\000e\000n\000\040\000p\000r\000o\000d\000u\000c\000t\000i\000o\000n}{chapter.11}% 94
\BOOKMARK [2][-]{subsection.11.2.1}{\376\377\000C\000r\000\351\000a\000t\000i\000o\000n\000\040\000d\000e\000s\000\040\000i\000m\000a\000g\000e\000s\000\040\000d\000o\000c\000k\000e\000r}{section.11.2}% 95
\BOOKMARK [2][-]{subsection.11.2.2}{\376\377\000D\000o\000c\000k\000e\000r\000\040\000c\000o\000m\000p\000o\000s\000e}{section.11.2}% 96
\BOOKMARK [2][-]{subsection.11.2.3}{\376\377\000+}{section.11.2}% 97
\BOOKMARK [-1][-]{part*.114}{\376\377\000C\000o\000n\000c\000l\000u\000s\000i\000o\000n}{}% 98
\BOOKMARK [0][-]{chapter.12}{\376\377\000G\000u\000i\000d\000e\000\040\000d\000'\000u\000t\000i\000l\000i\000s\000a\000t\000i\000o\000n}{part*.114}% 99
\BOOKMARK [1][-]{section.12.1}{\376\377\000G\000\351\000r\000e\000r\000\040\000l\000e\000s\000\040\000i\000l\000l\000u\000s\000t\000r\000a\000t\000i\000o\000n\000s\000\040\000s\000u\000r\000\040\000l\000e\000\040\000s\000i\000t\000e}{chapter.12}% 100
\BOOKMARK [2][-]{subsection.12.1.1}{\376\377\000A\000u\000t\000h\000e\000n\000t\000i\000f\000i\000c\000a\000t\000i\000o\000n}{section.12.1}% 101
\BOOKMARK [2][-]{subsection.12.1.2}{\376\377\000A\000j\000o\000u\000t\000e\000r}{section.12.1}% 102
\BOOKMARK [2][-]{subsection.12.1.3}{\376\377\000M\000o\000d\000i\000f\000i\000e\000r}{section.12.1}% 103
\BOOKMARK [2][-]{subsection.12.1.4}{\376\377\000S\000u\000p\000p\000r\000i\000m\000e\000r}{section.12.1}% 104
\BOOKMARK [1][-]{section.12.2}{\376\377\000A\000c\000c\000\351\000d\000e\000r\000\040\000a\000u\000x\000\040\000i\000l\000l\000u\000s\000t\000r\000a\000t\000i\000o\000n\000s}{chapter.12}% 105
\BOOKMARK [0][-]{chapter*.122}{\376\377\000*\000*\000*}{part*.114}% 106
\BOOKMARK [0][-]{appendix.a.A}{\376\377\000A\000n\000n\000e\000x\000e\000s}{part*.114}% 107
\BOOKMARK [1][-]{section.a.A.1}{\376\377\000L\000i\000n\000k\000s}{appendix.a.A}% 108
\BOOKMARK [1][-]{section.a.A.2}{\376\377\000C\000r\000e\000d\000e\000n\000t\000i\000a\000l\000s}{appendix.a.A}% 109
\BOOKMARK [2][-]{subsection.a.A.2.1}{\376\377\000G\000o\000o\000g\000l\000e\000\040\000a\000c\000c\000o\000u\000n\000t}{section.a.A.2}% 110
\BOOKMARK [2][-]{subsection.a.A.2.2}{\376\377\000S\000u\000p\000e\000r\000\137\000A\000d\000m\000i\000n\000\050\000D\000e\000f\000a\000u\000l\000t\000\051}{section.a.A.2}% 111
\BOOKMARK [2][-]{subsection.a.A.2.3}{\376\377\000M\000a\000r\000i\000a\000d\000b\000\040\000D\000a\000t\000a\000b\000a\000s\000e\000:\000\040\000L\000I\000B\000E\000I\000L\000D\000B}{section.a.A.2}% 112
\BOOKMARK [2][-]{subsection.a.A.2.4}{\376\377\000A\000W\000S\000\040\000a\000c\000c\000o\000u\000n\000t}{section.a.A.2}% 113
\BOOKMARK [1][-]{section.a.A.3}{\376\377\000D\000N\000S}{appendix.a.A}% 114
\BOOKMARK [2][-]{subsection.a.A.3.1}{\376\377\000S\000i\000n\000g\000l\000e\000\040\000A\000W\000S\000\040\000h\000o\000s\000t\000\040\000s\000e\000r\000v\000e\000r}{section.a.A.3}% 115
\BOOKMARK [2][-]{subsection.a.A.3.2}{\376\377\000D\000o\000c\000k\000e\000r\000\040\000I\000m\000a\000g\000e\000:\000\040\000D\000a\000t\000a\000b\000a\000s\000e\000\040\000S\000e\000r\000v\000e\000r}{section.a.A.3}% 116
\BOOKMARK [2][-]{subsection.a.A.3.3}{\376\377\000D\000o\000c\000k\000e\000r\000\040\000I\000m\000a\000g\000e\000:\000\040\000B\000a\000c\000k\000-\000E\000n\000d\000\040\000S\000e\000r\000v\000e\000r}{section.a.A.3}% 117
\BOOKMARK [2][-]{subsection.a.A.3.4}{\376\377\000D\000o\000c\000k\000e\000r\000\040\000I\000m\000a\000g\000e\000:\000\040\000F\000r\000o\000n\000t\000-\000E\000n\000d\000\040\000S\000e\000r\000v\000e\000r}{section.a.A.3}% 118
\BOOKMARK [0][-]{appendix*.125}{\376\377\000B\000i\000b\000l\000i\000o\000g\000r\000a\000p\000h\000i\000e}{part*.114}% 119
\BOOKMARK [1][-]{section*.126}{\376\377\000I\000n\000t\000r\000o\000d\000u\000c\000t\000i\000o\000n}{appendix*.125}% 120
\BOOKMARK [1][-]{section*.126}{\376\377\000\311\000t\000a\000t\000\040\000d\000e\000\040\000l\000'\000a\000r\000t}{appendix*.125}% 121
\BOOKMARK [1][-]{section*.126}{\376\377\000P\000r\000\351\000s\000e\000n\000t\000a\000t\000i\000o\000n\000\040\000d\000u\000\040\000p\000r\000o\000j\000e\000t}{appendix*.125}% 122
\BOOKMARK [1][-]{section*.126}{\376\377\000\311\000t\000u\000d\000e\000\040\000d\000e\000s\000\040\000r\000i\000s\000q\000u\000e\000s}{appendix*.125}% 123
\BOOKMARK [1][-]{section*.126}{\376\377\000M\000\351\000t\000h\000o\000d\000o\000l\000o\000g\000i\000e}{appendix*.125}% 124
\BOOKMARK [1][-]{section*.126}{\376\377\000M\000P\000A\000s\000\040\000v\000e\000r\000s\000u\000s\000\040\000S\000P\000A\000s}{appendix*.125}% 125
\BOOKMARK [1][-]{section*.126}{\376\377\000O\000u\000t\000i\000l\000s\000\040\000d\000e\000\040\000d\000\351\000v\000e\000l\000o\000p\000p\000e\000m\000e\000n\000t}{appendix*.125}% 126
\BOOKMARK [1][-]{section*.126}{\376\377\000M\000o\000d\000e\000l\000i\000s\000a\000t\000i\000o\000n}{appendix*.125}% 127
\BOOKMARK [1][-]{section*.126}{\376\377\000B\000a\000s\000e\000\040\000d\000e\000\040\000d\000o\000n\000n\000\351\000e\000s}{appendix*.125}% 128
